-------------------------------------------------------------------------------
Test set: com.mindtree.runner.TestRunner
-------------------------------------------------------------------------------
Tests run: 10, Failures: 1, Errors: 0, Skipped: 0, Time elapsed: 148.535 s <<< FAILURE! - in com.mindtree.runner.TestRunner
verify  How to remove stain link under How to wash cloths in footer section(Footer Section)  Time elapsed: 10.169 s  <<< FAILURE!
java.lang.AssertionError

