<?xml version="1.0" encoding="UTF-8"?>
<testsuite xmlns:xsi="http://www.w3.org/2001/XMLSchema-instance" xsi:noNamespaceSchemaLocation="https://maven.apache.org/surefire/maven-surefire-plugin/xsd/surefire-test-report.xsd" name="com.mindtree.runner.TestRunner" time="148.535" tests="10" errors="0" skipped="0" failures="1">
  <properties>
[...]
</properties>
  <testcase name="verify Bounce operation" classname="Bounce on Site Top Header bar" time="17.484"/>
  <testcase name="verify Downy operation" classname="Downy on Site Top Header bar" time="29.395"/>
  <testcase name="verify  How to remove stain link under How to wash cloths in footer section" classname="Footer Section" time="10.169">
    <failure type="java.lang.AssertionError">java.lang.AssertionError
</failure>
    <system-out><![CDATA[[INFO ] 2022-07-30 15:25:01.823 [main] StepDefination - Initilizing all the methods
[INFO ] 2022-07-30 15:25:06.745 [main] StepDefination - Setting Up Browser
[INFO ] 2022-07-30 15:25:06.746 [main] StepDefination - Sixth Test case
[INFO ] 2022-07-30 15:25:07.017 [main] StepDefination - Clicked on Remove Stain
[WARN ] 2022-07-30 15:25:07.524 [main] StepDefination - This Test Failed captured ScreenShot
]]></system-out>
    <system-err><![CDATA[Starting Microsoft Edge WebDriver 103.0.1264.71 (1f7a1d165042010b399db54bd56390dd47e15013) on port 43644
To submit feedback, report a bug, or suggest new features, please visit https://github.com/MicrosoftEdge/EdgeWebDriver

Only local connections are allowed.
Please see https://aka.ms/WebDriverSecurity for suggestions on keeping Microsoft Edge WebDriver safe.

Microsoft Edge WebDriver was started successfully.
Jul 30, 2022 3:25:02 PM org.openqa.selenium.remote.ProtocolHandshake createSession
INFO: Detected dialect: W3C
]]></system-err>
  </testcase>
  <testcase name="verify  guide page" classname="Scroll or Spinner box" time="11.209"/>
  <testcase name="Verify Sustainability page" classname="Our Commitment on site header main bar" time="10.009"/>
  <testcase name="verify Leadership page" classname="PandG on Site Top Header bar" time="21.431"/>
  <testcase name="verify search operation" classname="Search funcationality" time="11.703"/>
  <testcase name="Verify Pacs page" classname="Shop products On main header" time="15.271"/>
  <testcase name="Signup with credentials" classname="Register page feature" time="10.676"/>
  <testcase name="verify  Tide safty page" classname="Tide safty message on home page" time="10.839"/>
</testsuite>