<?xml version="1.0" encoding="UTF-8"?>
<!-- Generated by org.testng.reporters.JUnitXMLReporter -->
<testsuite ignored="0" hostname="MT-5CD1277850" failures="0" tests="10" name="Default test" time="184.758" errors="0" timestamp="2022-07-29T00:18:33 IST">
  <testcase classname="com.mindtree.runner.Runner" name="test1" time="8.164"/>
  <testcase classname="com.mindtree.runner.Runner" name="test2" time="6.308"/>
  <testcase classname="com.mindtree.runner.Runner" name="test3" time="1.675"/>
  <testcase classname="com.mindtree.runner.Runner" name="test4" time="2.202"/>
  <testcase classname="com.mindtree.runner.Runner" name="test5" time="11.36"/>
  <testcase classname="com.mindtree.runner.Runner" name="test6" time="1.675"/>
  <testcase classname="com.mindtree.runner.Runner" name="test7" time="9.403"/>
  <testcase classname="com.mindtree.runner.Runner" name="test8" time="23.189"/>
  <testcase classname="com.mindtree.runner.Runner" name="test9" time="1.359"/>
  <testcase classname="com.mindtree.runner.Runner" name="test10" time="1.88"/>
</testsuite> <!-- Default test -->
